<?xml version="1.0" encoding="UTF-8"?>
<!-- Generated by org.testng.reporters.JUnitReportReporter -->
<testsuite hostname="LAPTOP-2HFIM7GJ" failures="0" tests="2" name="QaSelenium.Mavenjava.SeleniumTest" time="0.000" errors="0" timestamp="2020-09-27T15:22:40 IST" skipped="0">
  <testcase classname="QaSelenium.Mavenjava.SeleniumTest" name="elementsui" time="0.000"/>
  <system-out/>
  <testcase classname="QaSelenium.Mavenjava.SeleniumTest" name="browserautomation" time="0.000"/>
  <system-out/>
</testsuite> <!-- QaSelenium.Mavenjava.SeleniumTest -->
