<?xml version="1.0" encoding="UTF-8"?>
<!-- Generated by org.testng.reporters.JUnitReportReporter -->
<testsuite hostname="LAPTOP-2HFIM7GJ" failures="0" tests="2" name="QaSelenium.Mavenjava.RestApiTest" time="0.005" errors="0" timestamp="2020-09-27T15:22:40 IST" skipped="0">
  <testcase classname="QaSelenium.Mavenjava.RestApiTest" name="deletetwitter" time="0.004"/>
  <system-out/>
  <testcase classname="QaSelenium.Mavenjava.RestApiTest" name="postjira" time="0.001"/>
  <system-out/>
</testsuite> <!-- QaSelenium.Mavenjava.RestApiTest -->
